2012-04-09 16:38:47:[HelloWorld] HelloWorld --begin
2012-04-09 16:38:47:[HelloWorld] HelloWorld
2012-04-09 16:38:47:[HelloWorld] array (
)
2012-04-09 16:38:50:[HelloWorld] array (
)
2012-04-09 16:38:53:[HelloWorld] array (
)
2012-04-09 16:38:56:[HelloWorld] array (
)
2012-04-09 16:38:59:[HelloWorld] array (
)
2012-04-09 16:39:02:[HelloWorld] array (
)
2012-04-09 16:39:05:[HelloWorld] array (
)
2012-04-09 16:39:08:[HelloWorld] HelloWorld --end
2012-04-09 16:39:08:[HelloWorld] HelloWorld: duration-> 21.041842222214
2012-04-11 09:41:30:[HelloWorld] HelloWorld --begin
2012-04-11 09:41:30:[HelloWorld] HelloWorld
2012-04-11 09:41:30:[HelloWorld] array (
)
2012-04-11 09:41:33:[HelloWorld] array (
)
2012-04-11 09:41:36:[HelloWorld] array (
)
2012-04-11 09:41:39:[HelloWorld] array (
)
2012-04-11 09:41:42:[HelloWorld] array (
)
2012-04-11 09:41:45:[HelloWorld] array (
)
2012-04-11 09:41:45:[HelloWorld] HelloWorld --begin
2012-04-11 09:41:45:[HelloWorld] HelloWorld
2012-04-11 09:41:45:[HelloWorld] array (
)
2012-04-11 09:41:48:[HelloWorld] array (
)
2012-04-11 09:41:48:[HelloWorld] array (
)
2012-04-11 09:41:51:[HelloWorld] HelloWorld --end
2012-04-11 09:41:51:[HelloWorld] HelloWorld: duration-> 21.037312030792
2012-04-11 09:41:51:[HelloWorld] array (
)
2012-04-11 09:41:54:[HelloWorld] array (
)
2012-04-11 09:41:57:[HelloWorld] array (
)
2012-04-11 09:42:00:[HelloWorld] array (
)
2012-04-11 09:42:03:[HelloWorld] array (
)
2012-04-11 09:42:06:[HelloWorld] HelloWorld --end
2012-04-11 09:42:06:[HelloWorld] HelloWorld: duration-> 21.002258062363
